<?xml version="1.0" encoding="UTF-8"?>
<!-- Generated by org.testng.reporters.JUnitReportReporter -->
<testsuite hostname="LAPTOP-LP0N2IU6" failures="0" tests="2" name="CocomoreApiTesting.AddPostComment" time="7.157" errors="0" timestamp="2021-03-01T10:51:24 GMT-08:00" skipped="0">
  <testcase classname="CocomoreApiTesting.AddPostComment" name="addComments" time="5.282"/>
  <system-out/>
  <testcase classname="CocomoreApiTesting.AddPostComment" name="verifyPostDetails" time="1.875"/>
  <system-out/>
</testsuite> <!-- CocomoreApiTesting.AddPostComment -->
