<?xml version="1.0" encoding="UTF-8"?>
<!-- Generated by org.testng.reporters.JUnitReportReporter -->
<testsuite hostname="LAPTOP-LP0N2IU6" failures="0" tests="1" name="CocomoreApiTesting.VerifyUserDetails" time="5.590" errors="0" timestamp="2021-03-01T10:48:29 GMT-08:00" skipped="0">
  <testcase classname="CocomoreApiTesting.VerifyUserDetails" name="verifyUserData" time="5.590"/>
  <system-out/>
</testsuite> <!-- CocomoreApiTesting.VerifyUserDetails -->
