<?xml version="1.0" encoding="UTF-8"?>
<!-- Generated by org.testng.reporters.JUnitReportReporter -->
<testsuite hostname="LAPTOP-LP0N2IU6" failures="0" tests="2" name="CocomoreApiTesting.Delete" time="6.966" errors="0" timestamp="2021-03-01T10:52:12 GMT-08:00" skipped="0">
  <testcase classname="CocomoreApiTesting.Delete" name="deleteUser" time="4.495"/>
  <system-out/>
  <testcase classname="CocomoreApiTesting.Delete" name="verifydeleteduser" time="2.471"/>
  <system-out/>
</testsuite> <!-- CocomoreApiTesting.Delete -->
