<?xml version="1.0" encoding="UTF-8"?>
<!-- Generated by org.testng.reporters.JUnitReportReporter -->
<testsuite hostname="LAPTOP-LP0N2IU6" failures="0" tests="1" name="CocomoreApiTesting.CreatePost" time="5.076" errors="0" timestamp="2021-03-01T10:49:11 GMT-08:00" skipped="0">
  <testcase classname="CocomoreApiTesting.CreatePost" name="createNewPost" time="5.076"/>
  <system-out/>
</testsuite> <!-- CocomoreApiTesting.CreatePost -->
