<?xml version="1.0" encoding="UTF-8"?>
<!-- Generated by org.testng.reporters.JUnitReportReporter -->
<testsuite hostname="LAPTOP-LP0N2IU6" failures="0" tests="1" name="CocomoreApiTesting.CreateUser" time="4.986" errors="0" timestamp="2021-03-01T10:46:55 GMT-08:00" skipped="0">
  <testcase classname="CocomoreApiTesting.CreateUser" name="createNewUser" time="4.986"/>
  <system-out/>
</testsuite> <!-- CocomoreApiTesting.CreateUser -->
